{
  "RSpec": {
    "coverage": {
      "/Users/moacirpetry/gh/users-api/app/models/user.rb": {
        "lines": [
          1,
          1,
          1,
          null
        ]
      },
      "/Users/moacirpetry/gh/users-api/app/models/application_record.rb": {
        "lines": [
          1,
          1,
          null
        ]
      },
      "/Users/moacirpetry/gh/users-api/app/controllers/api/users_controller.rb": {
        "lines": [
          1,
          1,
          1,
          2,
          2,
          null,
          null,
          1,
          2,
          2,
          null,
          null,
          1,
          3,
          3,
          2,
          null,
          1,
          null,
          null,
          null,
          1,
          3,
          3,
          2,
          null,
          1,
          null,
          null,
          null,
          1,
          2,
          2,
          2,
          null,
          null,
          1,
          null,
          1,
          6,
          null,
          null,
          null
        ]
      }
    },
    "timestamp": 1738782673
  }
}
